\BOOKMARK [0][]{titlepage.0}{\376\377\134\001\227\142}{}% 1
\BOOKMARK [0][]{entitlepage.0}{\376\377\000T\000i\000t\000l\000e\000\040\000p\000a\000g\000e}{}% 2
\BOOKMARK [0][]{ustcchapter.1.0}{\376\377\144\130\211\201}{}% 3
\BOOKMARK [0][]{ustcchapter.2.0}{\376\377\000A\000b\000s\000t\000r\000a\000c\000t}{}% 4
\BOOKMARK [0][]{ustcchapter.3.0}{\376\377\166\356\137\125}{}% 5
\BOOKMARK [0][]{chapter.1}{\376\377\173\054\0001\172\340\000\040\000\040\173\200\116\313}{}% 6
\BOOKMARK [1][-]{section.1.1}{\376\377\0001\000.\0001\000\040\116\000\176\247\202\202\150\007\230\230}{chapter.1}% 7
\BOOKMARK [2][-]{subsection.1.1.1}{\376\377\0001\000.\0001\000.\0001\000\040\116\214\176\247\202\202\150\007\230\230}{section.1.1}% 8
\BOOKMARK [1][-]{section.1.2}{\376\377\0001\000.\0002\000\040\201\032\154\350}{chapter.1}% 9
\BOOKMARK [0][]{chapter.2}{\376\377\173\054\0002\172\340\000\040\000\040\176\352\213\272}{}% 10
\BOOKMARK [1][-]{section.2.1}{\376\377\0002\000.\0001\000\040\213\376\230\230\166\204\170\024\172\166\200\314\146\157\123\312\141\017\116\111}{chapter.2}% 11
\BOOKMARK [1][-]{section.2.2}{\376\377\0002\000.\0002\000\040\126\375\121\205\131\026\170\024\172\166\163\260\162\266}{chapter.2}% 12
\BOOKMARK [1][-]{section.2.3}{\376\377\0002\000.\0003\000\040\147\054\145\207\176\304\176\307\176\323\147\204}{chapter.2}% 13
\BOOKMARK [0][]{chapter.3}{\376\377\173\054\0003\172\340\000\040\000\040\133\146\171\321\127\372\170\100}{}% 14
\BOOKMARK [1][-]{section.3.1}{\376\377\0003\000.\0001\000\040\154\070\170\301\124\014\153\145\165\065\147\072\176\323\147\204\123\312\145\160\133\146\152\041\127\213}{chapter.3}% 15
\BOOKMARK [2][-]{subsection.3.1.1}{\376\377\0003\000.\0001\000.\0001\000\040\154\070\170\301\124\014\153\145\165\065\147\072\127\372\147\054\176\323\147\204}{section.3.1}% 16
\BOOKMARK [2][-]{subsection.3.1.2}{\376\377\0003\000.\0001\000.\0002\000\040\127\120\150\007\123\330\143\142}{section.3.1}% 17
\BOOKMARK [2][-]{subsection.3.1.3}{\376\377\0003\000.\0001\000.\0003\000\040\154\070\170\301\124\014\153\145\165\065\147\072\145\160\133\146\152\041\127\213}{section.3.1}% 18
\BOOKMARK [1][-]{section.3.2}{\376\377\0003\000.\0002\000\040\167\342\221\317\143\247\122\066\142\200\147\057}{chapter.3}% 19
\BOOKMARK [1][-]{section.3.3}{\376\377\0003\000.\0003\000\040\201\352\142\227\142\160\143\247\122\066\142\200\147\057}{chapter.3}% 20
\BOOKMARK [2][-]{subsection.3.3.1}{\376\377\0003\000.\0003\000.\0001\000\040\215\337\216\052\137\256\122\006\126\150}{section.3.3}% 21
\BOOKMARK [2][-]{subsection.3.3.2}{\376\377\0003\000.\0003\000.\0002\000\040\142\151\137\040\162\266\140\001\211\302\155\113\126\150}{section.3.3}% 22
\BOOKMARK [2][-]{subsection.3.3.3}{\376\377\0003\000.\0003\000.\0003\000\040\227\136\176\277\140\047\162\266\140\001\213\357\135\356\123\315\231\210}{section.3.3}% 23
\BOOKMARK [2][-]{subsection.3.3.4}{\376\377\0003\000.\0003\000.\0004\000\040\201\352\142\227\142\160\143\247\122\066\142\200\147\057\166\204\134\100\226\120\140\047}{section.3.3}% 24
\BOOKMARK [0][]{chapter.4}{\376\377\173\054\0004\172\340\000\040\000\040\201\352\142\227\142\160\143\247\122\066\142\200\147\057\122\006\147\220}{}% 25
\BOOKMARK [1][-]{section.4.1}{\376\377\0004\000.\0001\000\040\201\352\142\227\142\160\143\247\122\066\142\200\147\057}{chapter.4}% 26
\BOOKMARK [2][-]{subsection.4.1.1}{\376\377\0004\000.\0001\000.\0001\000\040\215\337\216\052\137\256\122\006\126\150}{section.4.1}% 27
\BOOKMARK [2][-]{subsection.4.1.2}{\376\377\0004\000.\0001\000.\0002\000\040\142\151\137\040\162\266\140\001\211\302\155\113\126\150}{section.4.1}% 28
\BOOKMARK [2][-]{subsection.4.1.3}{\376\377\0004\000.\0001\000.\0003\000\040\227\136\176\277\140\047\162\266\140\001\213\357\135\356\123\315\231\210}{section.4.1}% 29
\BOOKMARK [1][-]{section.4.2}{\376\377\0004\000.\0002\000\040\201\352\142\227\142\160\143\247\122\066\142\200\147\057\166\204\225\356\230\230}{chapter.4}% 30
\BOOKMARK [2][-]{subsection.4.2.1}{\376\377\0004\000.\0002\000.\0001\000\040}{section.4.2}% 31
\BOOKMARK [2][-]{subsection.4.2.2}{\376\377\0004\000.\0002\000.\0002\000\040}{section.4.2}% 32
\BOOKMARK [0][]{chapter.5}{\376\377\173\054\0005\172\340\000\040\000\040\217\154\133\120\117\115\177\156\124\214\217\154\220\037\117\060\213\241}{}% 33
\BOOKMARK [1][-]{section.5.1}{\376\377\0005\000.\0001\000\040}{chapter.5}% 34
\BOOKMARK [0][]{chapter.6}{\376\377\173\054\0006\172\340\000\040\000\040\127\372\116\216\201\352\142\227\142\160\142\200\147\057\166\204\167\342\221\317\143\247\122\066\145\271\150\110}{}% 35
\BOOKMARK [1][-]{section.6.1}{\376\377\0006\000.\0001\000\040\220\037\136\246\163\257\143\247\122\066}{chapter.6}% 36
\BOOKMARK [1][-]{section.6.2}{\376\377\0006\000.\0002\000\040\165\065\155\101\163\257\143\247\122\066}{chapter.6}% 37
\BOOKMARK [0][]{chapter.7}{\376\377\173\054\0007\172\340\000\040\000\040\127\372\116\216\000D\000S\000P\166\204\165\065\147\072\143\247\122\066\174\373\176\337\133\236\163\260}{}% 38
\BOOKMARK [1][-]{section.7.1}{\376\377\0007\000.\0001\000\040\000D\000S\000P\172\013\136\217\150\106\147\266\176\323\147\204}{chapter.7}% 39
\BOOKMARK [1][-]{section.7.2}{\376\377\0007\000.\0002\000\040\174\373\176\337\133\236\163\260\116\016\176\323\147\234\122\006\147\220}{chapter.7}% 40
\BOOKMARK [0][]{chapter.8}{\376\377\173\054\0008\172\340\000\040\000\040\145\160\133\146}{}% 41
\BOOKMARK [1][-]{section.8.1}{\376\377\0008\000.\0001\000\040\145\160\133\146\173\046\123\367}{chapter.8}% 42
\BOOKMARK [1][-]{section.8.2}{\376\377\0008\000.\0002\000\040\133\232\164\006\060\001\137\025\164\006\124\214\213\301\146\016}{chapter.8}% 43
\BOOKMARK [1][-]{section.8.3}{\376\377\0008\000.\0003\000\040\201\352\133\232\116\111}{chapter.8}% 44
\BOOKMARK [0][]{chapter.9}{\376\377\173\054\0009\172\340\000\040\000\040\155\156\122\250\117\123}{}% 45
\BOOKMARK [1][-]{section.9.1}{\376\377\0009\000.\0001\000\040\116\011\176\277\210\150}{chapter.9}% 46
\BOOKMARK [1][-]{section.9.2}{\376\377\0009\000.\0002\000\040\225\177\210\150\150\074}{chapter.9}% 47
\BOOKMARK [1][-]{section.9.3}{\376\377\0009\000.\0003\000\040\143\322\126\376}{chapter.9}% 48
\BOOKMARK [1][-]{section.9.4}{\376\377\0009\000.\0004\000\040\173\227\154\325\163\257\130\203}{chapter.9}% 49
\BOOKMARK [0][]{chapter.10}{\376\377\173\054\0001\0000\172\340\000\040\000\040\137\025\165\050\145\207\163\056\150\007\154\350\145\271\154\325}{}% 50
\BOOKMARK [1][-]{section.10.1}{\376\377\0001\0000\000.\0001\000\040\230\172\136\217\177\026\170\001\122\066}{chapter.10}% 51
\BOOKMARK [2][-]{subsection.10.1.1}{\376\377\0001\0000\000.\0001\000.\0001\000\040\211\322\150\007\145\160\133\127\150\007\154\350\154\325}{section.10.1}% 52
\BOOKMARK [2][-]{subsection.10.1.2}{\376\377\0001\0000\000.\0001\000.\0002\000\040\145\160\133\127\150\007\154\350\154\325}{section.10.1}% 53
\BOOKMARK [1][-]{section.10.2}{\376\377\0001\0000\000.\0002\000\040\204\127\200\005\000-\121\372\162\110\136\164\122\066\150\007\154\350\154\325}{chapter.10}% 54
\BOOKMARK [1][-]{section.10.3}{\376\377\0001\0000\000.\0003\000\040\121\166\116\326\137\142\137\017\166\204\150\007\154\350}{chapter.10}% 55
\BOOKMARK [0][]{chapter*.11}{\376\377\123\302\200\003\145\207\163\056}{}% 56
\BOOKMARK [0][]{appendix.A}{\376\377\226\104\137\125\000\040\000A\000\040\000\040\213\272\145\207\211\304\203\003}{}% 57
\BOOKMARK [0][]{appendix*.12}{\376\377\201\364\214\042}{}% 58
\BOOKMARK [0][]{appendix*.13}{\376\377\127\050\213\373\147\037\225\364\123\321\210\150\166\204\133\146\147\057\213\272\145\207\116\016\123\326\137\227\166\204\170\024\172\166\142\020\147\234}{}% 59
